  1.1.cpp
E:\编程学习\blackbook GD\Folder1\1.1\1.1.cpp(100,44): warning C4838: 从“int”转换到“const char”需要收缩转换
E:\编程学习\blackbook GD\Folder1\1.1\1.1.cpp(100,44): warning C4305: “初始化”: 从“int”到“const char”截断
E:\编程学习\blackbook GD\Folder1\1.1\1.1.cpp(100,44): warning C4309: “初始化”: 截断常量值
libcpmtd.lib(xwcsxfrm.obj) : error LNK2001: 无法解析的外部符号 _free_dbg
libcpmtd.lib(StlCompareStringA.obj) : error LNK2001: 无法解析的外部符号 _free_dbg
libcpmtd.lib(locale.obj) : error LNK2001: 无法解析的外部符号 _free_dbg
libcpmtd.lib(StlLCMapStringA.obj) : error LNK2001: 无法解析的外部符号 _free_dbg
libcpmtd.lib(wlocale.obj) : error LNK2001: 无法解析的外部符号 _free_dbg
libcpmtd.lib(xlocale.obj) : error LNK2001: 无法解析的外部符号 _free_dbg
1.1.obj : error LNK2001: 无法解析的外部符号 _free_dbg
libcpmtd.lib(locale0.obj) : error LNK2001: 无法解析的外部符号 _free_dbg
libcpmtd.lib(cin.obj) : error LNK2001: 无法解析的外部符号 _free_dbg
libcpmtd.lib(cout.obj) : error LNK2001: 无法解析的外部符号 _free_dbg
libcpmtd.lib(xwcsxfrm.obj) : error LNK2001: 无法解析的外部符号 _malloc_dbg
libcpmtd.lib(StlCompareStringA.obj) : error LNK2001: 无法解析的外部符号 _malloc_dbg
libcpmtd.lib(locale.obj) : error LNK2001: 无法解析的外部符号 _malloc_dbg
libcpmtd.lib(StlLCMapStringA.obj) : error LNK2001: 无法解析的外部符号 _malloc_dbg
libcpmtd.lib(wlocale.obj) : error LNK2001: 无法解析的外部符号 _malloc_dbg
libcpmtd.lib(xlocale.obj) : error LNK2001: 无法解析的外部符号 _malloc_dbg
1.1.obj : error LNK2001: 无法解析的外部符号 _malloc_dbg
libcpmtd.lib(locale0.obj) : error LNK2001: 无法解析的外部符号 _malloc_dbg
libcpmtd.lib(cin.obj) : error LNK2001: 无法解析的外部符号 _malloc_dbg
libcpmtd.lib(cout.obj) : error LNK2001: 无法解析的外部符号 _malloc_dbg
libcpmtd.lib(wlocale.obj) : error LNK2001: 无法解析的外部符号 _CrtDbgReport
libcpmtd.lib(xlocale.obj) : error LNK2001: 无法解析的外部符号 _CrtDbgReport
1.1.obj : error LNK2001: 无法解析的外部符号 _CrtDbgReport
libcpmtd.lib(cin.obj) : error LNK2001: 无法解析的外部符号 _CrtDbgReport
libcpmtd.lib(cout.obj) : error LNK2001: 无法解析的外部符号 _CrtDbgReport
libcpmtd.lib(locale.obj) : error LNK2001: 无法解析的外部符号 _CrtDbgReport
libcpmtd.lib(_tolower.obj) : error LNK2019: 无法解析的外部符号 _calloc_dbg，函数 _Getctype 中引用了该符号
libcpmtd.lib(locale.obj) : error LNK2001: 无法解析的外部符号 _calloc_dbg
libcpmtd.lib(wlocale.obj) : error LNK2001: 无法解析的外部符号 _calloc_dbg
libcpmtd.lib(xlocale.obj) : error LNK2001: 无法解析的外部符号 _calloc_dbg
libcpmtd.lib(_tolower.obj) : error LNK2019: 无法解析的外部符号 _wcsdup_dbg，函数 _Getctype 中引用了该符号
libcpmtd.lib(xstrcoll.obj) : error LNK2001: 无法解析的外部符号 _wcsdup_dbg
libcpmtd.lib(locale.obj) : error LNK2019: 无法解析的外部符号 _realloc_dbg，函数 "private: static void __cdecl std::locale::_Locimp::_Locimp_Addfac(class std::locale::_Locimp *,class std::locale::facet *,unsigned __int64)" (?_Locimp_Addfac@_Locimp@locale@std@@CAXPEAV123@PEAVfacet@23@_K@Z) 中引用了该符号
libcpmtd.lib(StlLCMapStringA.obj) : error LNK2019: 无法解析的外部符号 _CrtDbgReportW，函数 _freea_crt 中引用了该符号
libcpmtd.lib(xmbtowc.obj) : error LNK2001: 无法解析的外部符号 _CrtDbgReportW
libcpmtd.lib(StlCompareStringA.obj) : error LNK2001: 无法解析的外部符号 _CrtDbgReportW
E:\编程学习\blackbook GD\Folder1\1.1\x64\Debug\1.1.exe : fatal error LNK1120: 7 个无法解析的外部命令
